\BOOKMARK [0][-]{chapter.1}{Creation\040of\040writing}{}% 1
\BOOKMARK [1][-]{section.1.1}{From\040the\040History\040of\040Kabardino-Circassian\040Writing}{chapter.1}% 2
\BOOKMARK [0][-]{chapter.2}{Phonetics\040and\040Phonology}{}% 3
\BOOKMARK [0][-]{chapter.3}{Morphology}{}% 4
\BOOKMARK [1][-]{section.3.1}{General\040characteristics\040of\040the\040morphological\040system}{chapter.3}% 5
\BOOKMARK [1][-]{section.3.2}{Stem\040structure}{chapter.3}% 6
\BOOKMARK [1][-]{section.3.3}{Noun}{chapter.3}% 7
\BOOKMARK [1][-]{section.3.4}{Pronoun}{chapter.3}% 8
\BOOKMARK [1][-]{section.3.5}{Adjective}{chapter.3}% 9
\BOOKMARK [1][-]{section.3.6}{Numeral}{chapter.3}% 10
\BOOKMARK [1][-]{section.3.7}{Ablaut\040in\040Nominal\040Word\040Formation}{chapter.3}% 11
\BOOKMARK [1][-]{section.3.8}{Verb}{chapter.3}% 12
\BOOKMARK [2][-]{subsection.3.8.1}{General\040characteristics\040of\040verb\040polysynthesis}{section.3.8}% 13
\BOOKMARK [2][-]{subsection.3.8.2}{Transitive\040and\040non-transitive\040verbs}{section.3.8}% 14
\BOOKMARK [2][-]{subsection.3.8.3}{Dynamic\040and\040static\040verbs}{section.3.8}% 15
\BOOKMARK [2][-]{subsection.3.8.4}{Finite\040and\040infinitive\040verb\040forms}{section.3.8}% 16
\BOOKMARK [2][-]{subsection.3.8.5}{Face\040category}{section.3.8}% 17
\BOOKMARK [2][-]{subsection.3.8.6}{Verb\040paradigms}{section.3.8}% 18
\BOOKMARK [2][-]{subsection.3.8.7}{Tense\040category}{section.3.8}% 19
\BOOKMARK [2][-]{subsection.3.8.8}{Inflectional\040category}{section.3.8}% 20
\BOOKMARK [2][-]{subsection.3.8.9}{Negative\040forms}{section.3.8}% 21
\BOOKMARK [2][-]{subsection.3.8.10}{Interrogative\040forms}{section.3.8}% 22
\BOOKMARK [2][-]{subsection.3.8.11}{Ways\040of\040Verbal\040Formation}{section.3.8}% 23
\BOOKMARK [2][-]{subsection.3.8.12}{Factitive\040Verbs}{section.3.8}% 24
\BOOKMARK [2][-]{subsection.3.8.13}{Causative\040category}{section.3.8}% 25
\BOOKMARK [2][-]{subsection.3.8.14}{Unionality\040category}{section.3.8}% 26
\BOOKMARK [2][-]{subsection.3.8.15}{Jointness\040category}{section.3.8}% 27
\BOOKMARK [2][-]{subsection.3.8.16}{reciprocity}{section.3.8}% 28
\BOOKMARK [2][-]{subsection.3.8.17}{Version\040category}{section.3.8}% 29
\BOOKMARK [2][-]{subsection.3.8.18}{Category\040potency\040\(possibility\)}{section.3.8}% 30
\BOOKMARK [2][-]{subsection.3.8.19}{Category\040involuntariness}{section.3.8}% 31
\BOOKMARK [2][-]{subsection.3.8.20}{Directional\040and\040local\040prefixes\040\(preverbs\)}{section.3.8}% 32
\BOOKMARK [2][-]{subsection.3.8.21}{Ablauts\040in\040verbal\040word\040formation}{section.3.8}% 33
\BOOKMARK [1][-]{section.3.9}{Deverbal\040Formations}{chapter.3}% 34
\BOOKMARK [1][-]{section.3.10}{Adverb}{chapter.3}% 35
\BOOKMARK [1][-]{section.3.11}{Utility\040words}{chapter.3}% 36
\BOOKMARK [1][-]{section.3.12}{Interjections}{chapter.3}% 37
\BOOKMARK [0][-]{chapter.4}{Syntax}{}% 38
